<?xml version="1.0" encoding="UTF-8"?>
<!-- Generated by org.testng.reporters.JUnitReportReporter -->
<testsuite skipped="3" hostname="AA-PC" name="org.cts.GoogleExecutionClass" tests="5" failures="1" timestamp="03 Nov 2020 14:50:34 GMT" time="251.928" errors="0">
  <testcase name="googleFailure" time="65.200" classname="org.cts.GoogleExecutionClass">
    <skipped/>
  </testcase> <!-- googleFailure -->
  <testcase name="googleFailure" time="22.552" classname="org.cts.GoogleExecutionClass">
    <skipped/>
  </testcase> <!-- googleFailure -->
  <testcase name="googleSuccess" time="72.399" classname="org.cts.GoogleExecutionClass"/>
  <testcase name="googleFailure" time="18.432" classname="org.cts.GoogleExecutionClass">
    <failure type="java.lang.AssertionError" message="expected [true] but found [false]">
      <![CDATA[java.lang.AssertionError: expected [true] but found [false]
at org.testng.Assert.fail(Assert.java:96)
at org.testng.Assert.failNotEquals(Assert.java:776)
at org.testng.Assert.assertTrue(Assert.java:44)
at org.testng.Assert.assertTrue(Assert.java:54)
at org.cts.GoogleExecutionClass.googleFailure(GoogleExecutionClass.java:40)
at sun.reflect.NativeMethodAccessorImpl.invoke0(Native Method)
at sun.reflect.NativeMethodAccessorImpl.invoke(Unknown Source)
at sun.reflect.DelegatingMethodAccessorImpl.invoke(Unknown Source)
at java.lang.reflect.Method.invoke(Unknown Source)
at org.testng.internal.MethodInvocationHelper.invokeMethod(MethodInvocationHelper.java:124)
at org.testng.internal.Invoker.invokeMethod(Invoker.java:583)
at org.testng.internal.Invoker.retryFailed(Invoker.java:839)
at org.testng.internal.Invoker.invokeTestMethods(Invoker.java:1010)
at org.testng.internal.TestMethodWorker.invokeTestMethods(TestMethodWorker.java:125)
at org.testng.internal.TestMethodWorker.run(TestMethodWorker.java:109)
at java.util.concurrent.ThreadPoolExecutor.runWorker(Unknown Source)
at java.util.concurrent.ThreadPoolExecutor$Worker.run(Unknown Source)
at java.lang.Thread.run(Unknown Source)
]]>
    </failure>
  </testcase> <!-- googleFailure -->
  <testcase name="googleFailure" time="73.345" classname="org.cts.GoogleExecutionClass">
    <skipped/>
  </testcase> <!-- googleFailure -->
</testsuite> <!-- org.cts.GoogleExecutionClass -->
